Unity Editor version:    2022.3.13f1 (5f90a5ebde0f)
Branch:                  2022.3/staging
Build type:              Release
Batch mode:              YES
macOS version:           Version 14.1.1 (Build 23B81)
Darwin version:          23.1.0
Architecture:            arm64
Running under Rosetta:   NO
Available memory:        16384 MB
Using pre-set license
Pro License: YES

COMMAND LINE ARGUMENTS:
/Applications/Unity/Hub/Editor/2022.3.13f1/Unity.app/Contents/MacOS/Unity
-adb2
-batchMode
-noUpm
-name
AssetImportWorker0
-projectPath
/Users/abdibrokhim/UnityProjects/TruckSimulator
-logFile
Logs/AssetImportWorker0.log
-srvPort
58525
Successfully changed project path to: /Users/abdibrokhim/UnityProjects/TruckSimulator
/Users/abdibrokhim/UnityProjects/TruckSimulator
[UnityMemory] Configuration Parameters - Can be set up in boot.config
    "memorysetup-bucket-allocator-granularity=16"
    "memorysetup-bucket-allocator-bucket-count=8"
    "memorysetup-bucket-allocator-block-size=33554432"
    "memorysetup-bucket-allocator-block-count=8"
    "memorysetup-main-allocator-block-size=16777216"
    "memorysetup-thread-allocator-block-size=16777216"
    "memorysetup-gfx-main-allocator-block-size=16777216"
    "memorysetup-gfx-thread-allocator-block-size=16777216"
    "memorysetup-cache-allocator-block-size=4194304"
    "memorysetup-typetree-allocator-block-size=2097152"
    "memorysetup-profiler-bucket-allocator-granularity=16"
    "memorysetup-profiler-bucket-allocator-bucket-count=8"
    "memorysetup-profiler-bucket-allocator-block-size=33554432"
    "memorysetup-profiler-bucket-allocator-block-count=8"
    "memorysetup-profiler-allocator-block-size=16777216"
    "memorysetup-profiler-editor-allocator-block-size=1048576"
    "memorysetup-temp-allocator-size-main=16777216"
    "memorysetup-job-temp-allocator-block-size=2097152"
    "memorysetup-job-temp-allocator-block-size-background=1048576"
    "memorysetup-job-temp-allocator-reduction-small-platforms=262144"
    "memorysetup-allocator-temp-initial-block-size-main=262144"
    "memorysetup-allocator-temp-initial-block-size-worker=262144"
    "memorysetup-temp-allocator-size-background-worker=32768"
    "memorysetup-temp-allocator-size-job-worker=262144"
    "memorysetup-temp-allocator-size-preload-manager=33554432"
    "memorysetup-temp-allocator-size-nav-mesh-worker=65536"
    "memorysetup-temp-allocator-size-audio-worker=65536"
    "memorysetup-temp-allocator-size-cloud-worker=32768"
    "memorysetup-temp-allocator-size-gi-baking-worker=262144"
    "memorysetup-temp-allocator-size-gfx=262144"
Player connection [8077647552] Host "[IP] 192.168.100.48 [Port] 0 [Flags] 2 [Guid] 790630235 [EditorId] 790630235 [Version] 1048832 [Id] OSXEditor(0,Ibrohims-MacBook-Air.local) [Debug] 1 [PackageName] OSXEditor [ProjectName] Editor" joined multi-casting on [225.0.0.222:54997]...

Player connection [8077647552] Host "[IP] 192.168.100.48 [Port] 0 [Flags] 2 [Guid] 790630235 [EditorId] 790630235 [Version] 1048832 [Id] OSXEditor(0,Ibrohims-MacBook-Air.local) [Debug] 1 [PackageName] OSXEditor [ProjectName] Editor" joined alternative multi-casting on [225.0.0.222:34997]...

[Physics::Module] Initialized MultithreadedJobDispatcher with 7 workers.
Refreshing native plugins compatible for Editor in 21.89 ms, found 2 plugins.
Preloading 0 native plugins for Editor in 0.00 ms.
Initialize engine version: 2022.3.13f1 (5f90a5ebde0f)
[Subsystems] Discovering subsystems at path /Applications/Unity/Hub/Editor/2022.3.13f1/Unity.app/Contents/Resources/UnitySubsystems
[Subsystems] Discovering subsystems at path /Users/abdibrokhim/UnityProjects/TruckSimulator/Assets
GfxDevice: creating device client; threaded=0; jobified=0
 preferred device: Apple M1 (high power)
Metal devices available: 1
0: Apple M1 (high power)
Using device Apple M1 (high power)
Initializing Metal device caps: Apple M1
Initialize mono
Mono path[0] = '/Applications/Unity/Hub/Editor/2022.3.13f1/Unity.app/Contents/Managed'
Mono path[1] = '/Applications/Unity/Hub/Editor/2022.3.13f1/Unity.app/Contents/MonoBleedingEdge/lib/mono/unityjit-macos'
Mono config path = '/Applications/Unity/Hub/Editor/2022.3.13f1/Unity.app/Contents/MonoBleedingEdge/etc'
Using monoOptions --debugger-agent=transport=dt_socket,embedding=1,server=y,suspend=n,address=127.0.0.1:56483
Begin MonoManager ReloadAssembly
Registering precompiled unity dll's ...
Register platform support module: /Applications/Unity/Hub/Editor/2022.3.13f1/PlaybackEngines/WebGLSupport/UnityEditor.WebGL.Extensions.dll
Register platform support module: /Applications/Unity/Hub/Editor/2022.3.13f1/Unity.app/Contents/PlaybackEngines/MacStandaloneSupport/UnityEditor.OSXStandalone.Extensions.dll
Registered in 0.001490 seconds.
- Loaded All Assemblies, in  0.406 seconds
Native extension for OSXStandalone target not found
Native extension for WebGL target not found
Mono: successfully reloaded assembly
- Finished resetting the current domain, in  0.246 seconds
Domain Reload Profiling: 652ms
	BeginReloadAssembly (140ms)
		ExecutionOrderSort (0ms)
		DisableScriptedObjects (0ms)
		BackupInstance (0ms)
		ReleaseScriptingObjects (0ms)
		CreateAndSetChildDomain (1ms)
	RebuildCommonClasses (42ms)
	RebuildNativeTypeToScriptingClass (14ms)
	initialDomainReloadingComplete (47ms)
	LoadAllAssembliesAndSetupDomain (163ms)
		LoadAssemblies (140ms)
		RebuildTransferFunctionScriptingTraits (0ms)
		AnalyzeDomain (162ms)
			TypeCache.Refresh (161ms)
				TypeCache.ScanAssembly (146ms)
			ScanForSourceGeneratedMonoScriptInfo (0ms)
			ResolveRequiredComponents (0ms)
	FinalizeReload (246ms)
		ReleaseScriptCaches (0ms)
		RebuildScriptCaches (0ms)
		SetupLoadedEditorAssemblies (180ms)
			LogAssemblyErrors (0ms)
			InitializePlatformSupportModulesInManaged (7ms)
			SetLoadedEditorAssemblies (6ms)
			RefreshPlugins (0ms)
			BeforeProcessingInitializeOnLoad (2ms)
			ProcessInitializeOnLoadAttributes (122ms)
			ProcessInitializeOnLoadMethodAttributes (42ms)
			AfterProcessingInitializeOnLoad (0ms)
			EditorAssembliesLoaded (0ms)
		ExecutionOrderSort2 (0ms)
		AwakeInstancesAfterBackupRestoration (0ms)
========================================================================
Worker process is ready to serve import requests
Begin MonoManager ReloadAssembly
- Loaded All Assemblies, in  0.576 seconds
Refreshing native plugins compatible for Editor in 1.06 ms, found 2 plugins.
Native extension for OSXStandalone target not found
Native extension for WebGL target not found
Package Manager log level set to [2]
[Package Manager] Server::EnsureServerProcessIsRunning -- launch failed, reason: Unity was launched with the -noUpm command-line argument
[Package Manager] UpmClient::Send -- Unable to send message (not connected to UPM process).
[Package Manager] Cannot connect to Unity Package Manager local server
Mono: successfully reloaded assembly
- Finished resetting the current domain, in  0.840 seconds
Domain Reload Profiling: 1417ms
	BeginReloadAssembly (125ms)
		ExecutionOrderSort (0ms)
		DisableScriptedObjects (5ms)
		BackupInstance (0ms)
		ReleaseScriptingObjects (0ms)
		CreateAndSetChildDomain (26ms)
	RebuildCommonClasses (43ms)
	RebuildNativeTypeToScriptingClass (14ms)
	initialDomainReloadingComplete (35ms)
	LoadAllAssembliesAndSetupDomain (360ms)
		LoadAssemblies (203ms)
		RebuildTransferFunctionScriptingTraits (0ms)
		AnalyzeDomain (214ms)
			TypeCache.Refresh (194ms)
				TypeCache.ScanAssembly (176ms)
			ScanForSourceGeneratedMonoScriptInfo (12ms)
			ResolveRequiredComponents (6ms)
	FinalizeReload (841ms)
		ReleaseScriptCaches (0ms)
		RebuildScriptCaches (0ms)
		SetupLoadedEditorAssemblies (665ms)
			LogAssemblyErrors (0ms)
			InitializePlatformSupportModulesInManaged (5ms)
			SetLoadedEditorAssemblies (5ms)
			RefreshPlugins (0ms)
			BeforeProcessingInitializeOnLoad (61ms)
			ProcessInitializeOnLoadAttributes (571ms)
			ProcessInitializeOnLoadMethodAttributes (21ms)
			AfterProcessingInitializeOnLoad (1ms)
			EditorAssembliesLoaded (0ms)
		ExecutionOrderSort2 (0ms)
		AwakeInstancesAfterBackupRestoration (4ms)
Launching external process: /Applications/Unity/Hub/Editor/2022.3.13f1/Unity.app/Contents/Tools/UnityShaderCompiler
Launched and connected shader compiler UnityShaderCompiler after 0.08 seconds
Refreshing native plugins compatible for Editor in 1.11 ms, found 2 plugins.
Preloading 0 native plugins for Editor in 0.00 ms.
Unloading 3595 Unused Serialized files (Serialized files now loaded: 0)
Unloading 39 unused Assets / (51.8 KB). Loaded Objects now: 4086.
Memory consumption went from 157.2 MB to 157.1 MB.
Total: 3.960125 ms (FindLiveObjects: 0.141500 ms CreateObjectMapping: 0.064666 ms MarkObjects: 3.627292 ms  DeleteObjects: 0.125667 ms)

AssetImportParameters requested are different than current active one (requested -> active):
  custom:container-demuxer-ogg: 62fdf1f143b41e24485cea50d1cbac27 -> 
  custom:video-decoder-ogg-theora: a1e56fd34408186e4bbccfd4996cb3dc -> 
  custom:CustomObjectIndexerAttribute: 756ad292c208cfabdd7b50bc23989ffe -> 
  custom:container-demuxer-webm: 4f35f7cbe854078d1ac9338744f61a02 -> 
  custom:container-muxer-webm: aa71ff27fc2769a1b78a27578f13a17b -> 
  custom:video-decoder-webm-vp8: 9c59270c3fd7afecdb556c50c9e8de78 -> 
  custom:SearchIndexIgnoredProperties: e643bd26f0fe6173181afceb89e7c659 -> 
  custom:AudioImporter_EditorPlatform: 3918e3fc78b5a79bad01e8451be0beb8 -> 
  custom:framework-osx-AVFoundation: e770b220cccbd017edd2c1fefb359320 -> 
  custom:video-encoder-webm-vp8: eb34c28f22e8b96e1ab97ce403110664 -> 
  custom:audio-decoder-ogg-vorbis: bf7c407c2cedff20999df2af8eb42d56 -> 
  custom:audio-encoder-webm-vorbis: bf7c407c2cedff20999df2af8eb42d56 -> 
========================================================================
Received Import Request.
  Time since last request: 18836.185471 seconds.
  path: Assets/RealisticCarControllerV3/Documentations/Realistic Car Controller FAQ.pdf
  artifactKey: Guid(e03c4c290717e9d49807aec8cbb7a48a) Importer(815301076,1909f56bfc062723c751e8b465ee728b)
Start importing Assets/RealisticCarControllerV3/Documentations/Realistic Car Controller FAQ.pdf using Guid(e03c4c290717e9d49807aec8cbb7a48a) Importer(815301076,1909f56bfc062723c751e8b465ee728b)  -> (artifact id: '34fa7e53328db8b6f7db10883b179b4e') in 0.016260 seconds
Number of updated asset objects reloaded before import = 0
Number of asset objects unloaded after import = 1
========================================================================
Received Import Request.
  Time since last request: 1.096813 seconds.
  path: Assets/RealisticCarControllerV3/Documentations/Realistic Car Controller How To Create New Vehicles.pdf
  artifactKey: Guid(bac3b29591b10d84f93d86f91be86e3d) Importer(815301076,1909f56bfc062723c751e8b465ee728b)
Start importing Assets/RealisticCarControllerV3/Documentations/Realistic Car Controller How To Create New Vehicles.pdf using Guid(bac3b29591b10d84f93d86f91be86e3d) Importer(815301076,1909f56bfc062723c751e8b465ee728b)  -> (artifact id: 'a002f3de8d89356785bb309085aba626') in 0.001168 seconds
Number of updated asset objects reloaded before import = 0
Number of asset objects unloaded after import = 1
========================================================================
Received Import Request.
  Time since last request: 1.167922 seconds.
  path: Assets/RealisticCarControllerV3/Documentations/Realistic Car Controller How To Override Inputs.pdf
  artifactKey: Guid(c937b74eff65a1940bbd92f175c9521f) Importer(815301076,1909f56bfc062723c751e8b465ee728b)
Start importing Assets/RealisticCarControllerV3/Documentations/Realistic Car Controller How To Override Inputs.pdf using Guid(c937b74eff65a1940bbd92f175c9521f) Importer(815301076,1909f56bfc062723c751e8b465ee728b)  -> (artifact id: '981079cc6bf516b7835bb75ae6c9d699') in 0.001132 seconds
Number of updated asset objects reloaded before import = 0
Number of asset objects unloaded after import = 1
========================================================================
Received Import Request.
  Time since last request: 1.481333 seconds.
  path: Assets/RealisticCarControllerV3/Documentations/Realistic Car Controller How To Spawn New Vehicles.pdf
  artifactKey: Guid(e616ba9f7dc10314cb4fbc45ba397768) Importer(815301076,1909f56bfc062723c751e8b465ee728b)
Start importing Assets/RealisticCarControllerV3/Documentations/Realistic Car Controller How To Spawn New Vehicles.pdf using Guid(e616ba9f7dc10314cb4fbc45ba397768) Importer(815301076,1909f56bfc062723c751e8b465ee728b)  -> (artifact id: '7ad42b49fb21d1d2a214d57937ba34be') in 0.001143 seconds
Number of updated asset objects reloaded before import = 0
Number of asset objects unloaded after import = 1
========================================================================
Received Import Request.
  Time since last request: 2.608952 seconds.
  path: Assets/RealisticCarControllerV3/Documentations/Realistic Car Controller Logitech Steering Wheel Integration & Other Steering Wheels.pdf
  artifactKey: Guid(637a8eb2e9afd5445af060bb885fb9db) Importer(815301076,1909f56bfc062723c751e8b465ee728b)
Start importing Assets/RealisticCarControllerV3/Documentations/Realistic Car Controller Logitech Steering Wheel Integration & Other Steering Wheels.pdf using Guid(637a8eb2e9afd5445af060bb885fb9db) Importer(815301076,1909f56bfc062723c751e8b465ee728b)  -> (artifact id: '8c135d0b972f8e62b84f2fedd9f29cf8') in 0.000982 seconds
Number of updated asset objects reloaded before import = 0
Number of asset objects unloaded after import = 1
========================================================================
Received Import Request.
  Time since last request: 3.386077 seconds.
  path: Assets/RealisticCarControllerV3/Documentations/Realistic Car Controller New Input System.pdf
  artifactKey: Guid(a8be129c7a6bd1e4987e859575b7fed8) Importer(815301076,1909f56bfc062723c751e8b465ee728b)
Start importing Assets/RealisticCarControllerV3/Documentations/Realistic Car Controller New Input System.pdf using Guid(a8be129c7a6bd1e4987e859575b7fed8) Importer(815301076,1909f56bfc062723c751e8b465ee728b)  -> (artifact id: '981bccef106765f8375a5599dbe47296') in 0.000934 seconds
Number of updated asset objects reloaded before import = 0
Number of asset objects unloaded after import = 1
========================================================================
Received Import Request.
  Time since last request: 1.100962 seconds.
  path: Assets/RealisticCarControllerV3/Documentations/Realistic Car Controller Overriding Inputs.pdf
  artifactKey: Guid(2324efbd67f15aa45a123126e1d28eeb) Importer(815301076,1909f56bfc062723c751e8b465ee728b)
Start importing Assets/RealisticCarControllerV3/Documentations/Realistic Car Controller Overriding Inputs.pdf using Guid(2324efbd67f15aa45a123126e1d28eeb) Importer(815301076,1909f56bfc062723c751e8b465ee728b)  -> (artifact id: '2efd6ddad69195a2d7fa3d8f6c695d3b') in 0.001049 seconds
Number of updated asset objects reloaded before import = 0
Number of asset objects unloaded after import = 1
========================================================================
Received Import Request.
  Time since last request: 164.947202 seconds.
  path: Assets/RealisticCarControllerV3/Documentations/Realistic Car Controller Photon.pdf
  artifactKey: Guid(b893a7db0b881a6488ef7b8550358cf8) Importer(815301076,1909f56bfc062723c751e8b465ee728b)
Start importing Assets/RealisticCarControllerV3/Documentations/Realistic Car Controller Photon.pdf using Guid(b893a7db0b881a6488ef7b8550358cf8) Importer(815301076,1909f56bfc062723c751e8b465ee728b)  -> (artifact id: '6e996cfd42d1874c09241ea2679f22bd') in 0.001338 seconds
Number of updated asset objects reloaded before import = 0
Number of asset objects unloaded after import = 1
========================================================================
Received Import Request.
  Time since last request: 1.017419 seconds.
  path: Assets/RealisticCarControllerV3/Documentations/Realistic Car Controller Photon PUN2 Enter Exit.pdf
  artifactKey: Guid(6da784ac193701b4da72fb64e2b7bda0) Importer(815301076,1909f56bfc062723c751e8b465ee728b)
Start importing Assets/RealisticCarControllerV3/Documentations/Realistic Car Controller Photon PUN2 Enter Exit.pdf using Guid(6da784ac193701b4da72fb64e2b7bda0) Importer(815301076,1909f56bfc062723c751e8b465ee728b)  -> (artifact id: 'e7c061c1064e7c05918d163dee87c129') in 0.001146 seconds
Number of updated asset objects reloaded before import = 0
Number of asset objects unloaded after import = 1
========================================================================
Received Import Request.
  Time since last request: 1.478209 seconds.
  path: Assets/RealisticCarControllerV3/Documentations/Realistic Car Controller RCC_GroundMaterials.pdf
  artifactKey: Guid(6d7753903751c2d4288868fdcbc1eaba) Importer(815301076,1909f56bfc062723c751e8b465ee728b)
Start importing Assets/RealisticCarControllerV3/Documentations/Realistic Car Controller RCC_GroundMaterials.pdf using Guid(6d7753903751c2d4288868fdcbc1eaba) Importer(815301076,1909f56bfc062723c751e8b465ee728b)  -> (artifact id: '30389529615cc2be7c2df7bde1b755f7') in 0.001076 seconds
Number of updated asset objects reloaded before import = 0
Number of asset objects unloaded after import = 1
========================================================================
Received Import Request.
  Time since last request: 1.137440 seconds.
  path: Assets/RealisticCarControllerV3/Documentations/Realistic Car Controller RCC_Settings.pdf
  artifactKey: Guid(e06e472ff07d2074a91a4ee81673c81c) Importer(815301076,1909f56bfc062723c751e8b465ee728b)
Start importing Assets/RealisticCarControllerV3/Documentations/Realistic Car Controller RCC_Settings.pdf using Guid(e06e472ff07d2074a91a4ee81673c81c) Importer(815301076,1909f56bfc062723c751e8b465ee728b)  -> (artifact id: '43a99575b6f8a8c8d22fc4817bb267b5') in 0.001080 seconds
Number of updated asset objects reloaded before import = 0
Number of asset objects unloaded after import = 1
========================================================================
Received Import Request.
  Time since last request: 2.913665 seconds.
  path: Assets/RealisticCarControllerV3/Documentations/Realistic Car Controller Scripts.pdf
  artifactKey: Guid(709ca8a2c9b96c645923a28269d70692) Importer(815301076,1909f56bfc062723c751e8b465ee728b)
Start importing Assets/RealisticCarControllerV3/Documentations/Realistic Car Controller Scripts.pdf using Guid(709ca8a2c9b96c645923a28269d70692) Importer(815301076,1909f56bfc062723c751e8b465ee728b)  -> (artifact id: 'b87f6a7435d806dbd15d00087436b65c') in 0.001142 seconds
Number of updated asset objects reloaded before import = 0
Number of asset objects unloaded after import = 1
========================================================================
Received Import Request.
  Time since last request: 1.009067 seconds.
  path: Assets/RealisticCarControllerV3/Documentations/Scripting Documentations
  artifactKey: Guid(d9eb1d774b0cbfa44a3667e9cad318ec) Importer(815301076,1909f56bfc062723c751e8b465ee728b)
Start importing Assets/RealisticCarControllerV3/Documentations/Scripting Documentations using Guid(d9eb1d774b0cbfa44a3667e9cad318ec) Importer(815301076,1909f56bfc062723c751e8b465ee728b)  -> (artifact id: 'f442bb6d275ab0176302e41fcdaffc2f') in 0.000472 seconds
Number of updated asset objects reloaded before import = 0
Number of asset objects unloaded after import = 0
========================================================================
Received Import Request.
  Time since last request: 6.739711 seconds.
  path: Assets/RealisticCarControllerV3/Documentations/Scripting Documentations/RCC_AICarController.pdf
  artifactKey: Guid(d31f8f42498b24a41949934e1be56097) Importer(815301076,1909f56bfc062723c751e8b465ee728b)
Start importing Assets/RealisticCarControllerV3/Documentations/Scripting Documentations/RCC_AICarController.pdf using Guid(d31f8f42498b24a41949934e1be56097) Importer(815301076,1909f56bfc062723c751e8b465ee728b)  -> (artifact id: 'b171d9421bf326fd622389b620162fef') in 0.001112 seconds
Number of updated asset objects reloaded before import = 0
Number of asset objects unloaded after import = 1
========================================================================
Received Import Request.
  Time since last request: 1.208247 seconds.
  path: Assets/RealisticCarControllerV3/Documentations/Scripting Documentations/RCC.pdf
  artifactKey: Guid(f82ae92f6dd3cd14aac089ba07e6b689) Importer(815301076,1909f56bfc062723c751e8b465ee728b)
Start importing Assets/RealisticCarControllerV3/Documentations/Scripting Documentations/RCC.pdf using Guid(f82ae92f6dd3cd14aac089ba07e6b689) Importer(815301076,1909f56bfc062723c751e8b465ee728b)  -> (artifact id: '7359e2c73487e4fd85ed79ce1e10a7da') in 0.001131 seconds
Number of updated asset objects reloaded before import = 0
Number of asset objects unloaded after import = 1
========================================================================
Received Import Request.
  Time since last request: 0.999039 seconds.
  path: Assets/RealisticCarControllerV3/Documentations/Scripting Documentations/RCC_Camera.pdf
  artifactKey: Guid(ea3c451804b65724cbde7b5570586cdd) Importer(815301076,1909f56bfc062723c751e8b465ee728b)
Start importing Assets/RealisticCarControllerV3/Documentations/Scripting Documentations/RCC_Camera.pdf using Guid(ea3c451804b65724cbde7b5570586cdd) Importer(815301076,1909f56bfc062723c751e8b465ee728b)  -> (artifact id: '492d20ca935abdddfd8d487c248bef29') in 0.001062 seconds
Number of updated asset objects reloaded before import = 0
Number of asset objects unloaded after import = 1
========================================================================
Received Import Request.
  Time since last request: 0.583386 seconds.
  path: Assets/RealisticCarControllerV3/Documentations/Scripting Documentations/RCC_CameraCarSelection.pdf
  artifactKey: Guid(9440d415885751d45a9df66f321e4be7) Importer(815301076,1909f56bfc062723c751e8b465ee728b)
Start importing Assets/RealisticCarControllerV3/Documentations/Scripting Documentations/RCC_CameraCarSelection.pdf using Guid(9440d415885751d45a9df66f321e4be7) Importer(815301076,1909f56bfc062723c751e8b465ee728b)  -> (artifact id: 'e0fe0a66c7c7ca74c732123db83a1480') in 0.001165 seconds
Number of updated asset objects reloaded before import = 0
Number of asset objects unloaded after import = 1
========================================================================
Received Import Request.
  Time since last request: 0.767816 seconds.
  path: Assets/RealisticCarControllerV3/Documentations/Scripting Documentations/RCC_CarControllerV3.pdf
  artifactKey: Guid(a217ccee355fa504d9c5948931b7026e) Importer(815301076,1909f56bfc062723c751e8b465ee728b)
Start importing Assets/RealisticCarControllerV3/Documentations/Scripting Documentations/RCC_CarControllerV3.pdf using Guid(a217ccee355fa504d9c5948931b7026e) Importer(815301076,1909f56bfc062723c751e8b465ee728b)  -> (artifact id: 'ba33932734b728979fb793ac9e2ecf21') in 0.001072 seconds
Number of updated asset objects reloaded before import = 0
Number of asset objects unloaded after import = 1
========================================================================
Received Import Request.
  Time since last request: 4.183965 seconds.
  path: Assets/RealisticCarControllerV3/Documentations/Scripting Documentations/RCC_CarSelectionExample.pdf
  artifactKey: Guid(653ddcf8eb862554691893385204dd5f) Importer(815301076,1909f56bfc062723c751e8b465ee728b)
Start importing Assets/RealisticCarControllerV3/Documentations/Scripting Documentations/RCC_CarSelectionExample.pdf using Guid(653ddcf8eb862554691893385204dd5f) Importer(815301076,1909f56bfc062723c751e8b465ee728b)  -> (artifact id: '50f61a669ab94078598a4f15a471aa38') in 0.001113 seconds
Number of updated asset objects reloaded before import = 0
Number of asset objects unloaded after import = 1
========================================================================
Received Import Request.
  Time since last request: 19.262341 seconds.
  path: Assets/RealisticCarControllerV3/Documentations/Scripting Documentations/RCC_Damage.pdf
  artifactKey: Guid(97dc7e3f6a9b41f439637ff2a4cb222f) Importer(815301076,1909f56bfc062723c751e8b465ee728b)
Start importing Assets/RealisticCarControllerV3/Documentations/Scripting Documentations/RCC_Damage.pdf using Guid(97dc7e3f6a9b41f439637ff2a4cb222f) Importer(815301076,1909f56bfc062723c751e8b465ee728b)  -> (artifact id: '17708ab1850caa2aa8625784232fa7a5') in 0.000671 seconds
Number of updated asset objects reloaded before import = 0
Number of asset objects unloaded after import = 1
========================================================================
Received Import Request.
  Time since last request: 0.745820 seconds.
  path: Assets/RealisticCarControllerV3/Documentations/Scripting Documentations/RCC_DashboardInputs.pdf
  artifactKey: Guid(3ef4b1ebfb4aeed429eff20bba3cd532) Importer(815301076,1909f56bfc062723c751e8b465ee728b)
Start importing Assets/RealisticCarControllerV3/Documentations/Scripting Documentations/RCC_DashboardInputs.pdf using Guid(3ef4b1ebfb4aeed429eff20bba3cd532) Importer(815301076,1909f56bfc062723c751e8b465ee728b)  -> (artifact id: 'c5d98765dec8a3a513c70e6014f99de7') in 0.001099 seconds
Number of updated asset objects reloaded before import = 0
Number of asset objects unloaded after import = 1
========================================================================
Received Import Request.
  Time since last request: 0.521289 seconds.
  path: Assets/RealisticCarControllerV3/Documentations/Scripting Documentations/RCC_DashboardObjects.pdf
  artifactKey: Guid(4fee6f59436767b45b4da32ae0cc4ad4) Importer(815301076,1909f56bfc062723c751e8b465ee728b)
Start importing Assets/RealisticCarControllerV3/Documentations/Scripting Documentations/RCC_DashboardObjects.pdf using Guid(4fee6f59436767b45b4da32ae0cc4ad4) Importer(815301076,1909f56bfc062723c751e8b465ee728b)  -> (artifact id: '772706f026109f405f479a92c4b26b7f') in 0.001166 seconds
Number of updated asset objects reloaded before import = 0
Number of asset objects unloaded after import = 1
========================================================================
Received Import Request.
  Time since last request: 1.113972 seconds.
  path: Assets/RealisticCarControllerV3/Documentations/Scripting Documentations/RCC_DetachablePart.pdf
  artifactKey: Guid(1660f3e76d30af94c954560dd6814fa2) Importer(815301076,1909f56bfc062723c751e8b465ee728b)
Start importing Assets/RealisticCarControllerV3/Documentations/Scripting Documentations/RCC_DetachablePart.pdf using Guid(1660f3e76d30af94c954560dd6814fa2) Importer(815301076,1909f56bfc062723c751e8b465ee728b)  -> (artifact id: '6c079ddbe5f0450658b66f5ba1ee27b1') in 0.001061 seconds
Number of updated asset objects reloaded before import = 0
Number of asset objects unloaded after import = 1
========================================================================
Received Import Request.
  Time since last request: 259.785608 seconds.
  path: Assets/RealisticCarControllerV3/Models/Vehicles/E46_New/E46_New.FBX
  artifactKey: Guid(8b657c64a6d1ab64e8c5a206f6e1d40d) Importer(815301076,1909f56bfc062723c751e8b465ee728b)
Start importing Assets/RealisticCarControllerV3/Models/Vehicles/E46_New/E46_New.FBX using Guid(8b657c64a6d1ab64e8c5a206f6e1d40d) Importer(815301076,1909f56bfc062723c751e8b465ee728b)  -> (artifact id: 'a86af289d8cf03800703d96659cfd763') in 0.950799 seconds
Number of updated asset objects reloaded before import = 0
Number of asset objects unloaded after import = 222
========================================================================
Received Import Request.
  Time since last request: 247.188971 seconds.
  path: Assets/RealisticCarControllerV3/Particle Materials/RCCExhaustFlame.mat
  artifactKey: Guid(d96b3301b035b0b4da53b0754702d33e) Importer(815301076,1909f56bfc062723c751e8b465ee728b)
Start importing Assets/RealisticCarControllerV3/Particle Materials/RCCExhaustFlame.mat using Guid(d96b3301b035b0b4da53b0754702d33e) Importer(815301076,1909f56bfc062723c751e8b465ee728b)  -> (artifact id: 'caa4aa08566412c588950276f0e2df7e') in 0.043886 seconds
Number of updated asset objects reloaded before import = 0
Number of asset objects unloaded after import = 2
========================================================================
Received Import Request.
  Time since last request: 98.901055 seconds.
  path: Assets/RealisticCarControllerV3/Models/Model_Police_Siren.FBX
  artifactKey: Guid(4e35cb1d61bca134aa3a15d8c527275b) Importer(815301076,1909f56bfc062723c751e8b465ee728b)
Start importing Assets/RealisticCarControllerV3/Models/Model_Police_Siren.FBX using Guid(4e35cb1d61bca134aa3a15d8c527275b) Importer(815301076,1909f56bfc062723c751e8b465ee728b)  -> (artifact id: '44cc5ab61b2d5d914d19b075672ff93f') in 0.020128 seconds
Number of updated asset objects reloaded before import = 0
Number of asset objects unloaded after import = 16
========================================================================
Received Import Request.
  Time since last request: 0.000037 seconds.
  path: Assets/RealisticCarControllerV3/Models/Model_Sofie@Driving by BUMSTRUM.fbx
  artifactKey: Guid(d514b359ae6b474458213a56103fa9fe) Importer(815301076,1909f56bfc062723c751e8b465ee728b)
Start importing Assets/RealisticCarControllerV3/Models/Model_Sofie@Driving by BUMSTRUM.fbx using Guid(d514b359ae6b474458213a56103fa9fe) Importer(815301076,1909f56bfc062723c751e8b465ee728b)  -> (artifact id: 'aaaffa6d3c859820123fca28a4664c48') in 0.705057 seconds
Number of updated asset objects reloaded before import = 0
Number of asset objects unloaded after import = 256
========================================================================
Received Import Request.
  Time since last request: 0.982301 seconds.
  path: Assets/RealisticCarControllerV3/Icon.png
  artifactKey: Guid(9e7ac442d0040dc44b6dedbc949128b1) Importer(815301076,1909f56bfc062723c751e8b465ee728b)
Start importing Assets/RealisticCarControllerV3/Icon.png using Guid(9e7ac442d0040dc44b6dedbc949128b1) Importer(815301076,1909f56bfc062723c751e8b465ee728b)  -> (artifact id: '596bb5a36921260f8a985e81e6f7cdb7') in 0.029125 seconds
Number of updated asset objects reloaded before import = 0
Number of asset objects unloaded after import = 3
========================================================================
Received Import Request.
  Time since last request: 8.736893 seconds.
  path: Assets/RealisticCarControllerV3/Editor/Font/good times rg.ttf
  artifactKey: Guid(785355b5b16010247bb360cd2c286bd8) Importer(815301076,1909f56bfc062723c751e8b465ee728b)
Start importing Assets/RealisticCarControllerV3/Editor/Font/good times rg.ttf using Guid(785355b5b16010247bb360cd2c286bd8) Importer(815301076,1909f56bfc062723c751e8b465ee728b)  -> (artifact id: '1783701a9e6169505a396952675ce9ed') in 0.112979 seconds
Number of updated asset objects reloaded before import = 0
Number of asset objects unloaded after import = 4
========================================================================
Received Import Request.
  Time since last request: 5.068734 seconds.
  path: Assets/RealisticCarControllerV3/Fixed Meshes/Jeep/Left Door(Clone).mesh
  artifactKey: Guid(15aa5867c2385d04381bf7dd1bf39ddd) Importer(815301076,1909f56bfc062723c751e8b465ee728b)
Start importing Assets/RealisticCarControllerV3/Fixed Meshes/Jeep/Left Door(Clone).mesh using Guid(15aa5867c2385d04381bf7dd1bf39ddd) Importer(815301076,1909f56bfc062723c751e8b465ee728b)  -> (artifact id: '5ac045f9644ebfee2a87aa233dd0bcd7') in 0.015029 seconds
Number of updated asset objects reloaded before import = 0
Number of asset objects unloaded after import = 2
========================================================================
Received Import Request.
  Time since last request: 0.766919 seconds.
  path: Assets/RealisticCarControllerV3/Fixed Meshes/M3_E46/Trunk(Clone).mesh
  artifactKey: Guid(b7ebbe1ceb8ad5c40b9b77e1ea289de5) Importer(815301076,1909f56bfc062723c751e8b465ee728b)
Start importing Assets/RealisticCarControllerV3/Fixed Meshes/M3_E46/Trunk(Clone).mesh using Guid(b7ebbe1ceb8ad5c40b9b77e1ea289de5) Importer(815301076,1909f56bfc062723c751e8b465ee728b)  -> (artifact id: 'f3ada83d7deffefb813fbc7cd43085ce') in 0.006399 seconds
Number of updated asset objects reloaded before import = 0
Number of asset objects unloaded after import = 2
========================================================================
Received Import Request.
  Time since last request: 0.865071 seconds.
  path: Assets/RealisticCarControllerV3/Fixed Meshes/Pickup/Left Door(Clone).mesh
  artifactKey: Guid(85e5668ce196260448ac25f20ad1270e) Importer(815301076,1909f56bfc062723c751e8b465ee728b)
Start importing Assets/RealisticCarControllerV3/Fixed Meshes/Pickup/Left Door(Clone).mesh using Guid(85e5668ce196260448ac25f20ad1270e) Importer(815301076,1909f56bfc062723c751e8b465ee728b)  -> (artifact id: '384006f827004c8ec8bb18ec2334523c') in 0.009515 seconds
Number of updated asset objects reloaded before import = 0
Number of asset objects unloaded after import = 2
========================================================================
Received Import Request.
  Time since last request: 863.972496 seconds.
  path: Assets/RealisticCarControllerV3/Particle Materials/ParticleDuststorm.mat
  artifactKey: Guid(69d7ebd3f819c1f4ea705094bad67fcd) Importer(815301076,1909f56bfc062723c751e8b465ee728b)
Start importing Assets/RealisticCarControllerV3/Particle Materials/ParticleDuststorm.mat using Guid(69d7ebd3f819c1f4ea705094bad67fcd) Importer(815301076,1909f56bfc062723c751e8b465ee728b)  -> (artifact id: '7189d09447c3fc8aa67715c36cf9cb83') in 0.077785 seconds
Number of updated asset objects reloaded before import = 0
Number of asset objects unloaded after import = 2
========================================================================
Received Import Request.
  Time since last request: 52.588456 seconds.
  path: Assets/RealisticCarControllerV3/Scripts/RCC_TrailerAttachPoint.cs
  artifactKey: Guid(8b2ffc80f995c0b419dc788eb942135f) Importer(815301076,1909f56bfc062723c751e8b465ee728b)
Start importing Assets/RealisticCarControllerV3/Scripts/RCC_TrailerAttachPoint.cs using Guid(8b2ffc80f995c0b419dc788eb942135f) Importer(815301076,1909f56bfc062723c751e8b465ee728b)  -> (artifact id: '8606f544b0a9b4cde317cd82569e6465') in 0.000382 seconds
Number of updated asset objects reloaded before import = 0
Number of asset objects unloaded after import = 0
========================================================================
Received Import Request.
  Time since last request: 24.432405 seconds.
  path: Assets/RealisticCarControllerV3/Scripts/RCC_Skidmarks.shader
  artifactKey: Guid(ea7574304720aa043843cd5259e73d1e) Importer(815301076,1909f56bfc062723c751e8b465ee728b)
Start importing Assets/RealisticCarControllerV3/Scripts/RCC_Skidmarks.shader using Guid(ea7574304720aa043843cd5259e73d1e) Importer(815301076,1909f56bfc062723c751e8b465ee728b)  -> (artifact id: '66a97705ad8e976ab73540f1c81bc942') in 0.000679 seconds
Number of updated asset objects reloaded before import = 0
Number of asset objects unloaded after import = 0
========================================================================
Received Import Request.
  Time since last request: 20.354243 seconds.
  path: Assets/RealisticCarControllerV3/Particle Materials/RCCExhaust.mat
  artifactKey: Guid(da685c9676ead6248ab3ac0019efb88e) Importer(815301076,1909f56bfc062723c751e8b465ee728b)
Start importing Assets/RealisticCarControllerV3/Particle Materials/RCCExhaust.mat using Guid(da685c9676ead6248ab3ac0019efb88e) Importer(815301076,1909f56bfc062723c751e8b465ee728b)  -> (artifact id: '195649f566c1ad004905b16363d9164b') in 0.035874 seconds
Number of updated asset objects reloaded before import = 0
Number of asset objects unloaded after import = 2
========================================================================
Received Prepare
Begin MonoManager ReloadAssembly
Thread 0x292693000 may have been prematurely finalized
- Loaded All Assemblies, in  0.413 seconds
Refreshing native plugins compatible for Editor in 1.23 ms, found 2 plugins.
Native extension for OSXStandalone target not found
Native extension for WebGL target not found
[Package Manager] Server::EnsureServerProcessIsRunning -- launch failed, reason: Unity was launched with the -noUpm command-line argument
[Package Manager] UpmClient::Send -- Unable to send message (not connected to UPM process).
[Package Manager] Cannot connect to Unity Package Manager local server
Mono: successfully reloaded assembly
- Finished resetting the current domain, in  1.432 seconds
Domain Reload Profiling: 1846ms
	BeginReloadAssembly (136ms)
		ExecutionOrderSort (0ms)
		DisableScriptedObjects (4ms)
		BackupInstance (0ms)
		ReleaseScriptingObjects (0ms)
		CreateAndSetChildDomain (47ms)
	RebuildCommonClasses (47ms)
	RebuildNativeTypeToScriptingClass (15ms)
	initialDomainReloadingComplete (28ms)
	LoadAllAssembliesAndSetupDomain (187ms)
		LoadAssemblies (219ms)
		RebuildTransferFunctionScriptingTraits (0ms)
		AnalyzeDomain (20ms)
			TypeCache.Refresh (11ms)
				TypeCache.ScanAssembly (0ms)
			ScanForSourceGeneratedMonoScriptInfo (0ms)
			ResolveRequiredComponents (8ms)
	FinalizeReload (1433ms)
		ReleaseScriptCaches (0ms)
		RebuildScriptCaches (0ms)
		SetupLoadedEditorAssemblies (876ms)
			LogAssemblyErrors (0ms)
			InitializePlatformSupportModulesInManaged (5ms)
			SetLoadedEditorAssemblies (6ms)
			RefreshPlugins (0ms)
			BeforeProcessingInitializeOnLoad (70ms)
			ProcessInitializeOnLoadAttributes (763ms)
			ProcessInitializeOnLoadMethodAttributes (30ms)
			AfterProcessingInitializeOnLoad (1ms)
			EditorAssembliesLoaded (0ms)
		ExecutionOrderSort2 (0ms)
		AwakeInstancesAfterBackupRestoration (6ms)
Refreshing native plugins compatible for Editor in 1.84 ms, found 2 plugins.
Preloading 0 native plugins for Editor in 0.00 ms.
Unloading 3586 Unused Serialized files (Serialized files now loaded: 0)
Unloading 24 unused Assets / (31.5 KB). Loaded Objects now: 4140.
Memory consumption went from 170.7 MB to 170.7 MB.
Total: 4.971000 ms (FindLiveObjects: 0.221500 ms CreateObjectMapping: 0.087375 ms MarkObjects: 4.580083 ms  DeleteObjects: 0.081417 ms)

Prepare: number of updated asset objects reloaded= 0
AssetImportParameters requested are different than current active one (requested -> active):
  custom:container-demuxer-ogg: 62fdf1f143b41e24485cea50d1cbac27 -> 
  custom:video-decoder-ogg-theora: a1e56fd34408186e4bbccfd4996cb3dc -> 
  custom:CustomObjectIndexerAttribute: 756ad292c208cfabdd7b50bc23989ffe -> 
  custom:container-demuxer-webm: 4f35f7cbe854078d1ac9338744f61a02 -> 
  custom:container-muxer-webm: aa71ff27fc2769a1b78a27578f13a17b -> 
  custom:video-decoder-webm-vp8: 9c59270c3fd7afecdb556c50c9e8de78 -> 
  custom:SearchIndexIgnoredProperties: e643bd26f0fe6173181afceb89e7c659 -> 
  custom:AudioImporter_EditorPlatform: 3918e3fc78b5a79bad01e8451be0beb8 -> 
  custom:framework-osx-AVFoundation: e770b220cccbd017edd2c1fefb359320 -> 
  custom:video-encoder-webm-vp8: eb34c28f22e8b96e1ab97ce403110664 -> 
  custom:audio-decoder-ogg-vorbis: bf7c407c2cedff20999df2af8eb42d56 -> 
  custom:audio-encoder-webm-vorbis: bf7c407c2cedff20999df2af8eb42d56 -> 
========================================================================
Received Prepare
Begin MonoManager ReloadAssembly
Thread 0x28bf87000 may have been prematurely finalized
- Loaded All Assemblies, in  0.385 seconds
Refreshing native plugins compatible for Editor in 1.25 ms, found 2 plugins.
Native extension for OSXStandalone target not found
Native extension for WebGL target not found
[Package Manager] Server::EnsureServerProcessIsRunning -- launch failed, reason: Unity was launched with the -noUpm command-line argument
[Package Manager] UpmClient::Send -- Unable to send message (not connected to UPM process).
[Package Manager] Cannot connect to Unity Package Manager local server
Mono: successfully reloaded assembly
- Finished resetting the current domain, in  1.204 seconds
Domain Reload Profiling: 1590ms
	BeginReloadAssembly (127ms)
		ExecutionOrderSort (0ms)
		DisableScriptedObjects (4ms)
		BackupInstance (0ms)
		ReleaseScriptingObjects (0ms)
		CreateAndSetChildDomain (39ms)
	RebuildCommonClasses (45ms)
	RebuildNativeTypeToScriptingClass (15ms)
	initialDomainReloadingComplete (22ms)
	LoadAllAssembliesAndSetupDomain (176ms)
		LoadAssemblies (211ms)
		RebuildTransferFunctionScriptingTraits (0ms)
		AnalyzeDomain (18ms)
			TypeCache.Refresh (9ms)
				TypeCache.ScanAssembly (0ms)
			ScanForSourceGeneratedMonoScriptInfo (0ms)
			ResolveRequiredComponents (8ms)
	FinalizeReload (1205ms)
		ReleaseScriptCaches (0ms)
		RebuildScriptCaches (0ms)
		SetupLoadedEditorAssemblies (689ms)
			LogAssemblyErrors (0ms)
			InitializePlatformSupportModulesInManaged (5ms)
			SetLoadedEditorAssemblies (5ms)
			RefreshPlugins (0ms)
			BeforeProcessingInitializeOnLoad (61ms)
			ProcessInitializeOnLoadAttributes (572ms)
			ProcessInitializeOnLoadMethodAttributes (43ms)
			AfterProcessingInitializeOnLoad (2ms)
			EditorAssembliesLoaded (0ms)
		ExecutionOrderSort2 (0ms)
		AwakeInstancesAfterBackupRestoration (8ms)
Refreshing native plugins compatible for Editor in 1.61 ms, found 2 plugins.
Preloading 0 native plugins for Editor in 0.00 ms.
Unloading 3587 Unused Serialized files (Serialized files now loaded: 0)
Unloading 24 unused Assets / (31.7 KB). Loaded Objects now: 4143.
Memory consumption went from 181.2 MB to 181.1 MB.
Total: 4.382958 ms (FindLiveObjects: 0.176125 ms CreateObjectMapping: 0.091458 ms MarkObjects: 4.064959 ms  DeleteObjects: 0.049500 ms)

Prepare: number of updated asset objects reloaded= 0
AssetImportParameters requested are different than current active one (requested -> active):
  custom:container-demuxer-ogg: 62fdf1f143b41e24485cea50d1cbac27 -> 
  custom:video-decoder-ogg-theora: a1e56fd34408186e4bbccfd4996cb3dc -> 
  custom:CustomObjectIndexerAttribute: 756ad292c208cfabdd7b50bc23989ffe -> 
  custom:container-demuxer-webm: 4f35f7cbe854078d1ac9338744f61a02 -> 
  custom:container-muxer-webm: aa71ff27fc2769a1b78a27578f13a17b -> 
  custom:video-decoder-webm-vp8: 9c59270c3fd7afecdb556c50c9e8de78 -> 
  custom:SearchIndexIgnoredProperties: e643bd26f0fe6173181afceb89e7c659 -> 
  custom:AudioImporter_EditorPlatform: 3918e3fc78b5a79bad01e8451be0beb8 -> 
  custom:framework-osx-AVFoundation: e770b220cccbd017edd2c1fefb359320 -> 
  custom:video-encoder-webm-vp8: eb34c28f22e8b96e1ab97ce403110664 -> 
  custom:audio-decoder-ogg-vorbis: bf7c407c2cedff20999df2af8eb42d56 -> 
  custom:audio-encoder-webm-vorbis: bf7c407c2cedff20999df2af8eb42d56 -> 
========================================================================
Received Import Request.
  Time since last request: 825.099951 seconds.
  path: Assets/RealisticCarControllerV3/Prefabs
  artifactKey: Guid(b9e9cb330438f9d4b8e2b949eb795b47) Importer(815301076,1909f56bfc062723c751e8b465ee728b)
Start importing Assets/RealisticCarControllerV3/Prefabs using Guid(b9e9cb330438f9d4b8e2b949eb795b47) Importer(815301076,1909f56bfc062723c751e8b465ee728b)  -> (artifact id: 'bf739f339a72e0935752a9465b1a3d76') in 0.002260 seconds
Number of updated asset objects reloaded before import = 0
Number of asset objects unloaded after import = 0
========================================================================
Received Import Request.
  Time since last request: 0.914865 seconds.
  path: Assets/RealisticCarControllerV3/Prefabs/Barrier.prefab
  artifactKey: Guid(4b951131a5dfc4e47a46999bba95cfc0) Importer(815301076,1909f56bfc062723c751e8b465ee728b)
Start importing Assets/RealisticCarControllerV3/Prefabs/Barrier.prefab using Guid(4b951131a5dfc4e47a46999bba95cfc0) Importer(815301076,1909f56bfc062723c751e8b465ee728b)  -> (artifact id: '95848dafa82a0b923f062bad5d23a72e') in 0.372700 seconds
Number of updated asset objects reloaded before import = 0
Number of asset objects unloaded after import = 21
========================================================================
Received Import Request.
  Time since last request: 0.000056 seconds.
  path: Assets/RealisticCarControllerV3/Prefabs/RCCRepairStation.prefab
  artifactKey: Guid(05a28a6f64c90744694f9211b532a209) Importer(815301076,1909f56bfc062723c751e8b465ee728b)
Start importing Assets/RealisticCarControllerV3/Prefabs/RCCRepairStation.prefab using Guid(05a28a6f64c90744694f9211b532a209) Importer(815301076,1909f56bfc062723c751e8b465ee728b)  -> (artifact id: '684f752b979ac8ea91b5277535c99866') in 0.149108 seconds
Number of updated asset objects reloaded before import = 0
Number of asset objects unloaded after import = 9
========================================================================
Received Import Request.
  Time since last request: 0.000041 seconds.
  path: Assets/RealisticCarControllerV3/Prefabs/RCCFuelStation.prefab
  artifactKey: Guid(220df3f044c8e054fa039b147b2c561c) Importer(815301076,1909f56bfc062723c751e8b465ee728b)
Start importing Assets/RealisticCarControllerV3/Prefabs/RCCFuelStation.prefab using Guid(220df3f044c8e054fa039b147b2c561c) Importer(815301076,1909f56bfc062723c751e8b465ee728b)  -> (artifact id: 'ebed8f61f54358c4c9d839743e22eb35') in 0.007133 seconds
Number of updated asset objects reloaded before import = 0
Number of asset objects unloaded after import = 9
========================================================================
Received Import Request.
  Time since last request: 0.000045 seconds.
  path: Assets/RealisticCarControllerV3/Prefabs/IndicatorLight.prefab
  artifactKey: Guid(580925c070bc6064c90563e08cb421f0) Importer(815301076,1909f56bfc062723c751e8b465ee728b)
Start importing Assets/RealisticCarControllerV3/Prefabs/IndicatorLight.prefab using Guid(580925c070bc6064c90563e08cb421f0) Importer(815301076,1909f56bfc062723c751e8b465ee728b)  -> (artifact id: '0e56bf349dfad438fa8e89610a839828') in 0.002262 seconds
Number of updated asset objects reloaded before import = 0
Number of asset objects unloaded after import = 8
========================================================================
Received Import Request.
  Time since last request: 0.000089 seconds.
  path: Assets/RealisticCarControllerV3/Prefabs/Foliage.prefab
  artifactKey: Guid(6025d58a3f32c664aa0785b5347dbb1e) Importer(815301076,1909f56bfc062723c751e8b465ee728b)
Start importing Assets/RealisticCarControllerV3/Prefabs/Foliage.prefab using Guid(6025d58a3f32c664aa0785b5347dbb1e) Importer(815301076,1909f56bfc062723c751e8b465ee728b)  -> (artifact id: 'dd61f4e6d0a82512ac62a944404699b1') in 0.010739 seconds
Number of updated asset objects reloaded before import = 0
Number of asset objects unloaded after import = 31
========================================================================
Received Import Request.
  Time since last request: 0.000041 seconds.
  path: Assets/RealisticCarControllerV3/Prefabs/City.prefab
  artifactKey: Guid(feca604884f6a74419aecd19df680a78) Importer(815301076,1909f56bfc062723c751e8b465ee728b)
Start importing Assets/RealisticCarControllerV3/Prefabs/City.prefab using Guid(feca604884f6a74419aecd19df680a78) Importer(815301076,1909f56bfc062723c751e8b465ee728b)  -> (artifact id: '57173694d3b51ee9e234ea3a2386f41b') in 1.188531 seconds
Number of updated asset objects reloaded before import = 0
Number of asset objects unloaded after import = 1264
========================================================================
Received Import Request.
  Time since last request: 13.747851 seconds.
  path: Assets/RealisticCarControllerV3/Models
  artifactKey: Guid(425169d126cea2044972c179f88e6fba) Importer(815301076,1909f56bfc062723c751e8b465ee728b)
Start importing Assets/RealisticCarControllerV3/Models using Guid(425169d126cea2044972c179f88e6fba) Importer(815301076,1909f56bfc062723c751e8b465ee728b)  -> (artifact id: '22d82a6d9e052603c145f97b1f2de966') in 0.001661 seconds
Number of updated asset objects reloaded before import = 0
Number of asset objects unloaded after import = 0
========================================================================
Received Import Request.
  Time since last request: 5.837133 seconds.
  path: Assets/RealisticCarControllerV3/Models/Vehicles
  artifactKey: Guid(9488014eefc49ac43bb7b049e91ed5e6) Importer(815301076,1909f56bfc062723c751e8b465ee728b)
Start importing Assets/RealisticCarControllerV3/Models/Vehicles using Guid(9488014eefc49ac43bb7b049e91ed5e6) Importer(815301076,1909f56bfc062723c751e8b465ee728b)  -> (artifact id: '6b893c449e382b852ef70363d85c5473') in 0.000444 seconds
Number of updated asset objects reloaded before import = 0
Number of asset objects unloaded after import = 0
========================================================================
Received Import Request.
  Time since last request: 2.674213 seconds.
  path: Assets/RealisticCarControllerV3/Models/Vehicles/Truck
  artifactKey: Guid(72e86226afeb2894f9a96e51a8f7c9df) Importer(815301076,1909f56bfc062723c751e8b465ee728b)
Start importing Assets/RealisticCarControllerV3/Models/Vehicles/Truck using Guid(72e86226afeb2894f9a96e51a8f7c9df) Importer(815301076,1909f56bfc062723c751e8b465ee728b)  -> (artifact id: 'ecbc4ad1ed407d4fa3090fb64800f2a9') in 0.000460 seconds
Number of updated asset objects reloaded before import = 0
Number of asset objects unloaded after import = 0
========================================================================
Received Import Request.
  Time since last request: 0.127651 seconds.
  path: Assets/RealisticCarControllerV3/Models/Vehicles/Truck/Truck.FBX
  artifactKey: Guid(174e4d25d7855e9479f55ada201a7e71) Importer(815301076,1909f56bfc062723c751e8b465ee728b)
Start importing Assets/RealisticCarControllerV3/Models/Vehicles/Truck/Truck.FBX using Guid(174e4d25d7855e9479f55ada201a7e71) Importer(815301076,1909f56bfc062723c751e8b465ee728b)  -> (artifact id: '25606d410e029a3b1b502904021b573e') in 0.081945 seconds
Number of updated asset objects reloaded before import = 0
Number of asset objects unloaded after import = 49
========================================================================
Received Import Request.
  Time since last request: 134.608224 seconds.
  path: Assets/RealisticCarControllerV3/Models/Vehicles/Trailer2/Trailer.FBX
  artifactKey: Guid(5fd8097825926764f97f46ae32d49581) Importer(815301076,1909f56bfc062723c751e8b465ee728b)
Start importing Assets/RealisticCarControllerV3/Models/Vehicles/Trailer2/Trailer.FBX using Guid(5fd8097825926764f97f46ae32d49581) Importer(815301076,1909f56bfc062723c751e8b465ee728b)  -> (artifact id: '7266da8f1e035664ddb6481454f28829') in 0.041576 seconds
Number of updated asset objects reloaded before import = 0
Number of asset objects unloaded after import = 30
========================================================================
Received Import Request.
  Time since last request: 17.933099 seconds.
  path: Assets/RealisticCarControllerV3/Models/Vehicles/Trailer2/Tex
  artifactKey: Guid(472ec0e3fe76f7d4288c812644683ccf) Importer(815301076,1909f56bfc062723c751e8b465ee728b)
Start importing Assets/RealisticCarControllerV3/Models/Vehicles/Trailer2/Tex using Guid(472ec0e3fe76f7d4288c812644683ccf) Importer(815301076,1909f56bfc062723c751e8b465ee728b)  -> (artifact id: '4cc4eb097f62378f6622ba8ca4a283c6') in 0.000473 seconds
Number of updated asset objects reloaded before import = 0
Number of asset objects unloaded after import = 0
========================================================================
Received Import Request.
  Time since last request: 0.680339 seconds.
  path: Assets/RealisticCarControllerV3/Models/Vehicles/Trailer2/Tex/Wheel.png
  artifactKey: Guid(d55b6102a76e4b94aa701ac0ebb4eca9) Importer(815301076,1909f56bfc062723c751e8b465ee728b)
Start importing Assets/RealisticCarControllerV3/Models/Vehicles/Trailer2/Tex/Wheel.png using Guid(d55b6102a76e4b94aa701ac0ebb4eca9) Importer(815301076,1909f56bfc062723c751e8b465ee728b)  -> (artifact id: 'e8075146d6866b4780debdbc492b1132') in 0.016797 seconds
Number of updated asset objects reloaded before import = 0
Number of asset objects unloaded after import = 2
========================================================================
Received Import Request.
  Time since last request: 0.000065 seconds.
  path: Assets/RealisticCarControllerV3/Models/Vehicles/Trailer2/Tex/WheelSide.png
  artifactKey: Guid(9d50684399ddd3f4faffc68e5822f6c5) Importer(815301076,1909f56bfc062723c751e8b465ee728b)
Start importing Assets/RealisticCarControllerV3/Models/Vehicles/Trailer2/Tex/WheelSide.png using Guid(9d50684399ddd3f4faffc68e5822f6c5) Importer(815301076,1909f56bfc062723c751e8b465ee728b)  -> (artifact id: 'e3443f0c7f6e732997ea7695060e491f') in 0.005679 seconds
Number of updated asset objects reloaded before import = 0
Number of asset objects unloaded after import = 2
========================================================================
Received Import Request.
  Time since last request: 0.000053 seconds.
  path: Assets/RealisticCarControllerV3/Models/Vehicles/Trailer2/Tex/WheelSide_N.png
  artifactKey: Guid(97a01fc2b151c7944bb4a6b1c1379fb7) Importer(815301076,1909f56bfc062723c751e8b465ee728b)
Start importing Assets/RealisticCarControllerV3/Models/Vehicles/Trailer2/Tex/WheelSide_N.png using Guid(97a01fc2b151c7944bb4a6b1c1379fb7) Importer(815301076,1909f56bfc062723c751e8b465ee728b)  -> (artifact id: '9464b694a5a8fa32c61139b503b916ec') in 0.048438 seconds
Number of updated asset objects reloaded before import = 0
Number of asset objects unloaded after import = 2
========================================================================
Received Import Request.
  Time since last request: 9.305089 seconds.
  path: Assets/RealisticCarControllerV3/Models/Vehicles/Trailer2
  artifactKey: Guid(523c8914e0d44cf43afb53179dcb9b51) Importer(815301076,1909f56bfc062723c751e8b465ee728b)
Start importing Assets/RealisticCarControllerV3/Models/Vehicles/Trailer2 using Guid(523c8914e0d44cf43afb53179dcb9b51) Importer(815301076,1909f56bfc062723c751e8b465ee728b)  -> (artifact id: '10accd2a6e8aefc7c747950bc722021a') in 0.000590 seconds
Number of updated asset objects reloaded before import = 0
Number of asset objects unloaded after import = 0
========================================================================
Received Import Request.
  Time since last request: 1.923408 seconds.
  path: Assets/RealisticCarControllerV3/Models/Vehicles/Trailer2/Mat
  artifactKey: Guid(672acd10c2521f44f8a185195a82db74) Importer(815301076,1909f56bfc062723c751e8b465ee728b)
Start importing Assets/RealisticCarControllerV3/Models/Vehicles/Trailer2/Mat using Guid(672acd10c2521f44f8a185195a82db74) Importer(815301076,1909f56bfc062723c751e8b465ee728b)  -> (artifact id: '2408e1be692619ab6123cf3bcba8b9d2') in 0.000496 seconds
Number of updated asset objects reloaded before import = 0
Number of asset objects unloaded after import = 0
========================================================================
Received Import Request.
  Time since last request: 0.069812 seconds.
  path: Assets/RealisticCarControllerV3/Models/Vehicles/Trailer2/Mat/Rim.mat
  artifactKey: Guid(4cd1e80a04dd1f14bae05cd065a7c05f) Importer(815301076,1909f56bfc062723c751e8b465ee728b)
Start importing Assets/RealisticCarControllerV3/Models/Vehicles/Trailer2/Mat/Rim.mat using Guid(4cd1e80a04dd1f14bae05cd065a7c05f) Importer(815301076,1909f56bfc062723c751e8b465ee728b)  -> (artifact id: '89d068f6a2c43fb4800d8c1cbacea35b') in 0.015900 seconds
Number of updated asset objects reloaded before import = 0
Number of asset objects unloaded after import = 1
========================================================================
Received Import Request.
  Time since last request: 0.000127 seconds.
  path: Assets/RealisticCarControllerV3/Models/Vehicles/Trailer2/Mat/Trailer_Chassis.mat
  artifactKey: Guid(3715e67e0f9cb3747a1ec77652d8b5ac) Importer(815301076,1909f56bfc062723c751e8b465ee728b)
Start importing Assets/RealisticCarControllerV3/Models/Vehicles/Trailer2/Mat/Trailer_Chassis.mat using Guid(3715e67e0f9cb3747a1ec77652d8b5ac) Importer(815301076,1909f56bfc062723c751e8b465ee728b)  -> (artifact id: 'b1ee54493d28965bc212c8fc6913bcb5') in 0.005580 seconds
Number of updated asset objects reloaded before import = 0
Number of asset objects unloaded after import = 1
========================================================================
Received Import Request.
  Time since last request: 0.000070 seconds.
  path: Assets/RealisticCarControllerV3/Models/Vehicles/Trailer2/Mat/Trailer_Indicator.mat
  artifactKey: Guid(e8f92ec7d544c384a87cbbd2ce469d89) Importer(815301076,1909f56bfc062723c751e8b465ee728b)
Start importing Assets/RealisticCarControllerV3/Models/Vehicles/Trailer2/Mat/Trailer_Indicator.mat using Guid(e8f92ec7d544c384a87cbbd2ce469d89) Importer(815301076,1909f56bfc062723c751e8b465ee728b)  -> (artifact id: '7459b6309afce4e682587687ea26e0c1') in 0.005595 seconds
Number of updated asset objects reloaded before import = 0
Number of asset objects unloaded after import = 1
========================================================================
Received Import Request.
  Time since last request: 0.000058 seconds.
  path: Assets/RealisticCarControllerV3/Models/Vehicles/Trailer2/Mat/WheelSide.mat
  artifactKey: Guid(4fdb3a35b2b04994a84e0a1486c876ff) Importer(815301076,1909f56bfc062723c751e8b465ee728b)
Start importing Assets/RealisticCarControllerV3/Models/Vehicles/Trailer2/Mat/WheelSide.mat using Guid(4fdb3a35b2b04994a84e0a1486c876ff) Importer(815301076,1909f56bfc062723c751e8b465ee728b)  -> (artifact id: '9173cd28cb54eb915a0c2ca4706c6afa') in 0.006826 seconds
Number of updated asset objects reloaded before import = 0
Number of asset objects unloaded after import = 3
========================================================================
Received Import Request.
  Time since last request: 0.000049 seconds.
  path: Assets/RealisticCarControllerV3/Models/Vehicles/Trailer2/Mat/Trailer_Fender.mat
  artifactKey: Guid(9b2b055786a99ed49b76ba502e06f760) Importer(815301076,1909f56bfc062723c751e8b465ee728b)
Start importing Assets/RealisticCarControllerV3/Models/Vehicles/Trailer2/Mat/Trailer_Fender.mat using Guid(9b2b055786a99ed49b76ba502e06f760) Importer(815301076,1909f56bfc062723c751e8b465ee728b)  -> (artifact id: 'af19140d554ce47c5ab710f67daba99e') in 0.004830 seconds
Number of updated asset objects reloaded before import = 0
Number of asset objects unloaded after import = 1
========================================================================
Received Import Request.
  Time since last request: 0.000083 seconds.
  path: Assets/RealisticCarControllerV3/Models/Vehicles/Trailer2/Mat/Trailer_Brake.mat
  artifactKey: Guid(4448c5207ccb11f4bb078b8cc6a5d3ce) Importer(815301076,1909f56bfc062723c751e8b465ee728b)
Start importing Assets/RealisticCarControllerV3/Models/Vehicles/Trailer2/Mat/Trailer_Brake.mat using Guid(4448c5207ccb11f4bb078b8cc6a5d3ce) Importer(815301076,1909f56bfc062723c751e8b465ee728b)  -> (artifact id: '53e7c9b553e069369c1a4b206b5ecf54') in 0.004997 seconds
Number of updated asset objects reloaded before import = 0
Number of asset objects unloaded after import = 1
========================================================================
Received Import Request.
  Time since last request: 0.000058 seconds.
  path: Assets/RealisticCarControllerV3/Models/Vehicles/Trailer2/Mat/Trailer_Line.mat
  artifactKey: Guid(f0796b1f3b85d1d4fb24c465773fdcef) Importer(815301076,1909f56bfc062723c751e8b465ee728b)
Start importing Assets/RealisticCarControllerV3/Models/Vehicles/Trailer2/Mat/Trailer_Line.mat using Guid(f0796b1f3b85d1d4fb24c465773fdcef) Importer(815301076,1909f56bfc062723c751e8b465ee728b)  -> (artifact id: '6ca9c38872011e070e34bfee5e930b38') in 0.005105 seconds
Number of updated asset objects reloaded before import = 0
Number of asset objects unloaded after import = 1
========================================================================
Received Import Request.
  Time since last request: 87.873877 seconds.
  path: Assets/RealisticCarControllerV3/Models/Vehicles/Truck/Mat
  artifactKey: Guid(163f30c0576b6a747b973bc18b07aa4b) Importer(815301076,1909f56bfc062723c751e8b465ee728b)
Start importing Assets/RealisticCarControllerV3/Models/Vehicles/Truck/Mat using Guid(163f30c0576b6a747b973bc18b07aa4b) Importer(815301076,1909f56bfc062723c751e8b465ee728b)  -> (artifact id: 'd62fb0575e5f9852d63a72eb8cb22f19') in 0.000556 seconds
Number of updated asset objects reloaded before import = 0
Number of asset objects unloaded after import = 0
========================================================================
Received Import Request.
  Time since last request: 0.108827 seconds.
  path: Assets/RealisticCarControllerV3/Models/Vehicles/Truck/Mat/Truck_Body.mat
  artifactKey: Guid(d268bedfe8b5b9d4684b772c8135598b) Importer(815301076,1909f56bfc062723c751e8b465ee728b)
Start importing Assets/RealisticCarControllerV3/Models/Vehicles/Truck/Mat/Truck_Body.mat using Guid(d268bedfe8b5b9d4684b772c8135598b) Importer(815301076,1909f56bfc062723c751e8b465ee728b)  -> (artifact id: '585ad9ef2104d4e8224c7175e35f4af7') in 0.008104 seconds
Number of updated asset objects reloaded before import = 0
Number of asset objects unloaded after import = 1
========================================================================
Received Import Request.
  Time since last request: 0.000057 seconds.
  path: Assets/RealisticCarControllerV3/Models/Vehicles/Truck/Mat/Truck_Engine.mat
  artifactKey: Guid(f8b127a4d684a624e99679dc2e9f0bad) Importer(815301076,1909f56bfc062723c751e8b465ee728b)
Start importing Assets/RealisticCarControllerV3/Models/Vehicles/Truck/Mat/Truck_Engine.mat using Guid(f8b127a4d684a624e99679dc2e9f0bad) Importer(815301076,1909f56bfc062723c751e8b465ee728b)  -> (artifact id: 'cd546df13cceb1a348a549d98cc65d32') in 0.005743 seconds
Number of updated asset objects reloaded before import = 0
Number of asset objects unloaded after import = 1
========================================================================
Received Import Request.
  Time since last request: 0.000052 seconds.
  path: Assets/RealisticCarControllerV3/Models/Vehicles/Truck/Mat/Truck_Rim.mat
  artifactKey: Guid(a56bd6ebf3a024e40873b38bcfdf573d) Importer(815301076,1909f56bfc062723c751e8b465ee728b)
Start importing Assets/RealisticCarControllerV3/Models/Vehicles/Truck/Mat/Truck_Rim.mat using Guid(a56bd6ebf3a024e40873b38bcfdf573d) Importer(815301076,1909f56bfc062723c751e8b465ee728b)  -> (artifact id: '38db85f89ef8d38d63cfe1cadea7aa61') in 0.005145 seconds
Number of updated asset objects reloaded before import = 0
Number of asset objects unloaded after import = 1
========================================================================
Received Import Request.
  Time since last request: 0.000101 seconds.
  path: Assets/RealisticCarControllerV3/Models/Vehicles/Truck/Mat/Truck_Lights_Reverse.mat
  artifactKey: Guid(3c65430444415b14f952f0e63457ab9c) Importer(815301076,1909f56bfc062723c751e8b465ee728b)
Start importing Assets/RealisticCarControllerV3/Models/Vehicles/Truck/Mat/Truck_Lights_Reverse.mat using Guid(3c65430444415b14f952f0e63457ab9c) Importer(815301076,1909f56bfc062723c751e8b465ee728b)  -> (artifact id: 'd3bad52c45e99b7cc34bb26247489aec') in 0.007630 seconds
Number of updated asset objects reloaded before import = 0
Number of asset objects unloaded after import = 1
========================================================================
Received Import Request.
  Time since last request: 0.000044 seconds.
  path: Assets/RealisticCarControllerV3/Models/Vehicles/Truck/Mat/Truck_Grill.mat
  artifactKey: Guid(36bb2a5d520b89740919c074215d8423) Importer(815301076,1909f56bfc062723c751e8b465ee728b)
Start importing Assets/RealisticCarControllerV3/Models/Vehicles/Truck/Mat/Truck_Grill.mat using Guid(36bb2a5d520b89740919c074215d8423) Importer(815301076,1909f56bfc062723c751e8b465ee728b)  -> (artifact id: '6128c3fbacdb317cfffea6217310ad18') in 0.006244 seconds
Number of updated asset objects reloaded before import = 0
Number of asset objects unloaded after import = 1
========================================================================
Received Import Request.
  Time since last request: 0.000189 seconds.
  path: Assets/RealisticCarControllerV3/Models/Vehicles/Truck/Mat/Truck_Lights_Park.mat
  artifactKey: Guid(f974f2741f204994eaa05ccbaed040c5) Importer(815301076,1909f56bfc062723c751e8b465ee728b)
Start importing Assets/RealisticCarControllerV3/Models/Vehicles/Truck/Mat/Truck_Lights_Park.mat using Guid(f974f2741f204994eaa05ccbaed040c5) Importer(815301076,1909f56bfc062723c751e8b465ee728b)  -> (artifact id: 'f92ebdeb44b67315b4716fbf7444b6bb') in 0.005116 seconds
Number of updated asset objects reloaded before import = 0
Number of asset objects unloaded after import = 1
========================================================================
Received Import Request.
  Time since last request: 53.842242 seconds.
  path: Assets/RealisticCarControllerV3/Models/Vehicles/Truck/Single_detailed_truck
  artifactKey: Guid(cd15e5b303fec44be9ab5ab763bad262) Importer(815301076,1909f56bfc062723c751e8b465ee728b)
Start importing Assets/RealisticCarControllerV3/Models/Vehicles/Truck/Single_detailed_truck using Guid(cd15e5b303fec44be9ab5ab763bad262) Importer(815301076,1909f56bfc062723c751e8b465ee728b)  -> (artifact id: '7c1f68ec6d0cc828c209c29998057a6f') in 0.000935 seconds
Number of updated asset objects reloaded before import = 0
Number of asset objects unloaded after import = 0
========================================================================
Received Import Request.
  Time since last request: 1.986808 seconds.
  path: Assets/RealisticCarControllerV3/Models/Vehicles/Truck/Single_detailed_truck/Materials
  artifactKey: Guid(348035a0949444c84b0149d0f3972707) Importer(815301076,1909f56bfc062723c751e8b465ee728b)
Start importing Assets/RealisticCarControllerV3/Models/Vehicles/Truck/Single_detailed_truck/Materials using Guid(348035a0949444c84b0149d0f3972707) Importer(815301076,1909f56bfc062723c751e8b465ee728b)  -> (artifact id: 'd88c02084814e31a296255e61101c00b') in 0.000426 seconds
Number of updated asset objects reloaded before import = 0
Number of asset objects unloaded after import = 0
========================================================================
Received Import Request.
  Time since last request: 2.236507 seconds.
  path: Assets/RealisticCarControllerV3/Models/Vehicles/Truck/Single_detailed_truck/Prefabs
  artifactKey: Guid(09c14108cfb8deb4bb61572161bb7c9a) Importer(815301076,1909f56bfc062723c751e8b465ee728b)
Start importing Assets/RealisticCarControllerV3/Models/Vehicles/Truck/Single_detailed_truck/Prefabs using Guid(09c14108cfb8deb4bb61572161bb7c9a) Importer(815301076,1909f56bfc062723c751e8b465ee728b)  -> (artifact id: 'cf4c9648e3764019abf5527b95c70ef3') in 0.000378 seconds
Number of updated asset objects reloaded before import = 0
Number of asset objects unloaded after import = 0
========================================================================
Received Import Request.
  Time since last request: 0.052604 seconds.
  path: Assets/RealisticCarControllerV3/Models/Vehicles/Truck/Single_detailed_truck/Prefabs/Trailer.prefab
  artifactKey: Guid(824b045cfb5412444a2d59824cb98223) Importer(815301076,1909f56bfc062723c751e8b465ee728b)
Start importing Assets/RealisticCarControllerV3/Models/Vehicles/Truck/Single_detailed_truck/Prefabs/Trailer.prefab using Guid(824b045cfb5412444a2d59824cb98223) Importer(815301076,1909f56bfc062723c751e8b465ee728b)  -> (artifact id: '1de62b5578964d565a4c9a43765088a7') in 0.018677 seconds
Number of updated asset objects reloaded before import = 0
Number of asset objects unloaded after import = 46
========================================================================
Received Import Request.
  Time since last request: 16.866240 seconds.
  path: Assets/RealisticCarControllerV3/Models/Vehicles/Truck/Single_detailed_truck/Materials/trailer_color_02.mat
  artifactKey: Guid(fe127cba772d64733946e50ee57da6f2) Importer(815301076,1909f56bfc062723c751e8b465ee728b)
Start importing Assets/RealisticCarControllerV3/Models/Vehicles/Truck/Single_detailed_truck/Materials/trailer_color_02.mat using Guid(fe127cba772d64733946e50ee57da6f2) Importer(815301076,1909f56bfc062723c751e8b465ee728b)  -> (artifact id: 'ab791578778a00db5f59e1052942edd8') in 0.009404 seconds
Number of updated asset objects reloaded before import = 0
Number of asset objects unloaded after import = 1
========================================================================
Received Import Request.
  Time since last request: 0.000080 seconds.
  path: Assets/RealisticCarControllerV3/Models/Vehicles/Truck/Single_detailed_truck/Materials/truck_color_02.mat
  artifactKey: Guid(da6f6e33678a3400e97fbd9b936172f4) Importer(815301076,1909f56bfc062723c751e8b465ee728b)
Start importing Assets/RealisticCarControllerV3/Models/Vehicles/Truck/Single_detailed_truck/Materials/truck_color_02.mat using Guid(da6f6e33678a3400e97fbd9b936172f4) Importer(815301076,1909f56bfc062723c751e8b465ee728b)  -> (artifact id: '2624c184591ad2739b156d9985757675') in 0.007720 seconds
Number of updated asset objects reloaded before import = 0
Number of asset objects unloaded after import = 2
========================================================================
Received Import Request.
  Time since last request: 30.368787 seconds.
  path: Assets/RealisticCarControllerV3/Models/Vehicles/Truck/Single_detailed_truck/3dobjects
  artifactKey: Guid(9c7a9c8a03a96284f865cc6f88ea754a) Importer(815301076,1909f56bfc062723c751e8b465ee728b)
Start importing Assets/RealisticCarControllerV3/Models/Vehicles/Truck/Single_detailed_truck/3dobjects using Guid(9c7a9c8a03a96284f865cc6f88ea754a) Importer(815301076,1909f56bfc062723c751e8b465ee728b)  -> (artifact id: '19064b134f58f778a6bd97f02207dc75') in 0.000409 seconds
Number of updated asset objects reloaded before import = 0
Number of asset objects unloaded after import = 0
========================================================================
Received Import Request.
  Time since last request: 1.215376 seconds.
  path: Assets/RealisticCarControllerV3/Models/Vehicles/Truck/Single_detailed_truck/3dobjects/trailer.fbx
  artifactKey: Guid(661fe434de723ee4184e22411d6cf40b) Importer(815301076,1909f56bfc062723c751e8b465ee728b)
Start importing Assets/RealisticCarControllerV3/Models/Vehicles/Truck/Single_detailed_truck/3dobjects/trailer.fbx using Guid(661fe434de723ee4184e22411d6cf40b) Importer(815301076,1909f56bfc062723c751e8b465ee728b)  -> (artifact id: 'be4c14a472ce76a27831af823a27f4a4') in 0.053821 seconds
Number of updated asset objects reloaded before import = 0
Number of asset objects unloaded after import = 39
========================================================================
Received Import Request.
  Time since last request: 5.751012 seconds.
  path: Assets/RealisticCarControllerV3/Models/Vehicles/Truck/Single_detailed_truck/3dobjects/Materials
  artifactKey: Guid(1372fa1ad8e02054cb95f0bf368b19c7) Importer(815301076,1909f56bfc062723c751e8b465ee728b)
Start importing Assets/RealisticCarControllerV3/Models/Vehicles/Truck/Single_detailed_truck/3dobjects/Materials using Guid(1372fa1ad8e02054cb95f0bf368b19c7) Importer(815301076,1909f56bfc062723c751e8b465ee728b)  -> (artifact id: '9da326899eb7c059ddf5edb4f90c8621') in 0.000926 seconds
Number of updated asset objects reloaded before import = 0
Number of asset objects unloaded after import = 0
========================================================================
Received Import Request.
  Time since last request: 0.097979 seconds.
  path: Assets/RealisticCarControllerV3/Models/Vehicles/Truck/Single_detailed_truck/3dobjects/Materials/Logo_inPixio-2.png
  artifactKey: Guid(d4109741be2604e95b1b5d07d89af96f) Importer(815301076,1909f56bfc062723c751e8b465ee728b)
Start importing Assets/RealisticCarControllerV3/Models/Vehicles/Truck/Single_detailed_truck/3dobjects/Materials/Logo_inPixio-2.png using Guid(d4109741be2604e95b1b5d07d89af96f) Importer(815301076,1909f56bfc062723c751e8b465ee728b)  -> (artifact id: 'b491f65996a5a9dfdfb1fd9ded355ce5') in 0.006412 seconds
Number of updated asset objects reloaded before import = 0
Number of asset objects unloaded after import = 2
========================================================================
Received Import Request.
  Time since last request: 0.000123 seconds.
  path: Assets/RealisticCarControllerV3/Models/Vehicles/Truck/Single_detailed_truck/3dobjects/Materials/truck-windows.mat
  artifactKey: Guid(31e56c7393d73c4499aa6ed85a444235) Importer(815301076,1909f56bfc062723c751e8b465ee728b)
Start importing Assets/RealisticCarControllerV3/Models/Vehicles/Truck/Single_detailed_truck/3dobjects/Materials/truck-windows.mat using Guid(31e56c7393d73c4499aa6ed85a444235) Importer(815301076,1909f56bfc062723c751e8b465ee728b)  -> (artifact id: '232da856a77d4e74ce20bf2f9f79366e') in 0.008064 seconds
Number of updated asset objects reloaded before import = 0
Number of asset objects unloaded after import = 2
========================================================================
Received Import Request.
  Time since last request: 0.000042 seconds.
  path: Assets/RealisticCarControllerV3/Models/Vehicles/Truck/Single_detailed_truck/3dobjects/Materials/truck-metal_dark.mat
  artifactKey: Guid(6134a3b3b48f6194fb34c5ea3a65207f) Importer(815301076,1909f56bfc062723c751e8b465ee728b)
Start importing Assets/RealisticCarControllerV3/Models/Vehicles/Truck/Single_detailed_truck/3dobjects/Materials/truck-metal_dark.mat using Guid(6134a3b3b48f6194fb34c5ea3a65207f) Importer(815301076,1909f56bfc062723c751e8b465ee728b)  -> (artifact id: 'c0118e8f0464c3c665454696d3fddffc') in 0.006808 seconds
Number of updated asset objects reloaded before import = 0
Number of asset objects unloaded after import = 2
========================================================================
Received Import Request.
  Time since last request: 0.000160 seconds.
  path: Assets/RealisticCarControllerV3/Models/Vehicles/Truck/Single_detailed_truck/3dobjects/Materials/trailer-wheels_metal.mat
  artifactKey: Guid(4a26c5024b47f1c489c19d623c479c84) Importer(815301076,1909f56bfc062723c751e8b465ee728b)
Start importing Assets/RealisticCarControllerV3/Models/Vehicles/Truck/Single_detailed_truck/3dobjects/Materials/trailer-wheels_metal.mat using Guid(4a26c5024b47f1c489c19d623c479c84) Importer(815301076,1909f56bfc062723c751e8b465ee728b)  -> (artifact id: '54a96822db21a7543d2d827d1c4107eb') in 0.006394 seconds
Number of updated asset objects reloaded before import = 0
Number of asset objects unloaded after import = 2
========================================================================
Received Import Request.
  Time since last request: 0.000063 seconds.
  path: Assets/RealisticCarControllerV3/Models/Vehicles/Truck/Single_detailed_truck/3dobjects/Materials/trailer-wheels.mat
  artifactKey: Guid(2f1eba0767a31d4408ba75a7c4ac331a) Importer(815301076,1909f56bfc062723c751e8b465ee728b)
Start importing Assets/RealisticCarControllerV3/Models/Vehicles/Truck/Single_detailed_truck/3dobjects/Materials/trailer-wheels.mat using Guid(2f1eba0767a31d4408ba75a7c4ac331a) Importer(815301076,1909f56bfc062723c751e8b465ee728b)  -> (artifact id: 'c9c96646947e5c9b7fa1f5b93a83a912') in 0.007371 seconds
Number of updated asset objects reloaded before import = 0
Number of asset objects unloaded after import = 2
========================================================================
Received Import Request.
  Time since last request: 0.000058 seconds.
  path: Assets/RealisticCarControllerV3/Models/Vehicles/Truck/Single_detailed_truck/3dobjects/Materials/trailer-metal_chromed.mat
  artifactKey: Guid(31f17fa2e81691146b6a8ffa334b3446) Importer(815301076,1909f56bfc062723c751e8b465ee728b)
Start importing Assets/RealisticCarControllerV3/Models/Vehicles/Truck/Single_detailed_truck/3dobjects/Materials/trailer-metal_chromed.mat using Guid(31f17fa2e81691146b6a8ffa334b3446) Importer(815301076,1909f56bfc062723c751e8b465ee728b)  -> (artifact id: '1368b366f4c241bcc2e9357e2b6ef8c2') in 0.008497 seconds
Number of updated asset objects reloaded before import = 0
Number of asset objects unloaded after import = 4
========================================================================
Received Import Request.
  Time since last request: 0.000088 seconds.
  path: Assets/RealisticCarControllerV3/Models/Vehicles/Truck/Single_detailed_truck/3dobjects/Materials/truck-wheel_metal.mat
  artifactKey: Guid(57ed15ca5dff4224ab15249f7dc67dbf) Importer(815301076,1909f56bfc062723c751e8b465ee728b)
Start importing Assets/RealisticCarControllerV3/Models/Vehicles/Truck/Single_detailed_truck/3dobjects/Materials/truck-wheel_metal.mat using Guid(57ed15ca5dff4224ab15249f7dc67dbf) Importer(815301076,1909f56bfc062723c751e8b465ee728b)  -> (artifact id: 'e3c5a51363d29c6bc44b4e9be5a9f9db') in 0.006495 seconds
Number of updated asset objects reloaded before import = 0
Number of asset objects unloaded after import = 2
========================================================================
Received Import Request.
  Time since last request: 0.000092 seconds.
  path: Assets/RealisticCarControllerV3/Models/Vehicles/Truck/Single_detailed_truck/3dobjects/Materials/truck-alu.mat
  artifactKey: Guid(04be3762ecd746241aa675994d809d49) Importer(815301076,1909f56bfc062723c751e8b465ee728b)
Start importing Assets/RealisticCarControllerV3/Models/Vehicles/Truck/Single_detailed_truck/3dobjects/Materials/truck-alu.mat using Guid(04be3762ecd746241aa675994d809d49) Importer(815301076,1909f56bfc062723c751e8b465ee728b)  -> (artifact id: 'dc0a1c03b0eb7cfe268c9afaf4c4f7fe') in 0.007762 seconds
Number of updated asset objects reloaded before import = 0
Number of asset objects unloaded after import = 2
========================================================================
Received Import Request.
  Time since last request: 0.000044 seconds.
  path: Assets/RealisticCarControllerV3/Models/Vehicles/Truck/Single_detailed_truck/3dobjects/Materials/truck-metal_chromed.mat
  artifactKey: Guid(0b41392ba8d8fe2439f457776089cf4a) Importer(815301076,1909f56bfc062723c751e8b465ee728b)
Start importing Assets/RealisticCarControllerV3/Models/Vehicles/Truck/Single_detailed_truck/3dobjects/Materials/truck-metal_chromed.mat using Guid(0b41392ba8d8fe2439f457776089cf4a) Importer(815301076,1909f56bfc062723c751e8b465ee728b)  -> (artifact id: 'b9409bd036f65303bee65573ec0ca653') in 0.007239 seconds
Number of updated asset objects reloaded before import = 0
Number of asset objects unloaded after import = 2
========================================================================
Received Import Request.
  Time since last request: 109.856533 seconds.
  path: Assets/RealisticCarControllerV3/Models/Vehicles/Truck/Single_detailed_truck/3dobjects/Materials/Materials
  artifactKey: Guid(832cec8593eea4992b7286c3619a3039) Importer(815301076,1909f56bfc062723c751e8b465ee728b)
Start importing Assets/RealisticCarControllerV3/Models/Vehicles/Truck/Single_detailed_truck/3dobjects/Materials/Materials using Guid(832cec8593eea4992b7286c3619a3039) Importer(815301076,1909f56bfc062723c751e8b465ee728b)  -> (artifact id: 'f1761e073bface8fc3f30b01bce0bfd5') in 0.000621 seconds
Number of updated asset objects reloaded before import = 0
Number of asset objects unloaded after import = 0
========================================================================
Received Import Request.
  Time since last request: 0.071451 seconds.
  path: Assets/RealisticCarControllerV3/Models/Vehicles/Truck/Single_detailed_truck/3dobjects/Materials/Materials/Logo_inPixio-2.mat
  artifactKey: Guid(05c911732f9444e5dae9fd855f026f77) Importer(815301076,1909f56bfc062723c751e8b465ee728b)
Start importing Assets/RealisticCarControllerV3/Models/Vehicles/Truck/Single_detailed_truck/3dobjects/Materials/Materials/Logo_inPixio-2.mat using Guid(05c911732f9444e5dae9fd855f026f77) Importer(815301076,1909f56bfc062723c751e8b465ee728b)  -> (artifact id: 'cb9de81739a9a88f3c22d3434e5f5c76') in 0.007574 seconds
Number of updated asset objects reloaded before import = 0
Number of asset objects unloaded after import = 2
========================================================================
Received Prepare
Begin MonoManager ReloadAssembly
Thread 0x28bf87000 may have been prematurely finalized
- Loaded All Assemblies, in  0.393 seconds
Refreshing native plugins compatible for Editor in 1.23 ms, found 2 plugins.
Native extension for OSXStandalone target not found
Native extension for WebGL target not found
[Package Manager] Server::EnsureServerProcessIsRunning -- launch failed, reason: Unity was launched with the -noUpm command-line argument
[Package Manager] UpmClient::Send -- Unable to send message (not connected to UPM process).
[Package Manager] Cannot connect to Unity Package Manager local server
Mono: successfully reloaded assembly
- Finished resetting the current domain, in  1.319 seconds
Domain Reload Profiling: 1713ms
	BeginReloadAssembly (130ms)
		ExecutionOrderSort (0ms)
		DisableScriptedObjects (4ms)
		BackupInstance (0ms)
		ReleaseScriptingObjects (0ms)
		CreateAndSetChildDomain (47ms)
	RebuildCommonClasses (47ms)
	RebuildNativeTypeToScriptingClass (15ms)
	initialDomainReloadingComplete (23ms)
	LoadAllAssembliesAndSetupDomain (178ms)
		LoadAssemblies (209ms)
		RebuildTransferFunctionScriptingTraits (0ms)
		AnalyzeDomain (18ms)
			TypeCache.Refresh (9ms)
				TypeCache.ScanAssembly (0ms)
			ScanForSourceGeneratedMonoScriptInfo (0ms)
			ResolveRequiredComponents (8ms)
	FinalizeReload (1319ms)
		ReleaseScriptCaches (0ms)
		RebuildScriptCaches (0ms)
		SetupLoadedEditorAssemblies (780ms)
			LogAssemblyErrors (0ms)
			InitializePlatformSupportModulesInManaged (5ms)
			SetLoadedEditorAssemblies (6ms)
			RefreshPlugins (0ms)
			BeforeProcessingInitializeOnLoad (61ms)
			ProcessInitializeOnLoadAttributes (674ms)
			ProcessInitializeOnLoadMethodAttributes (32ms)
			AfterProcessingInitializeOnLoad (1ms)
			EditorAssembliesLoaded (0ms)
		ExecutionOrderSort2 (0ms)
		AwakeInstancesAfterBackupRestoration (6ms)
Refreshing native plugins compatible for Editor in 1.96 ms, found 2 plugins.
Preloading 0 native plugins for Editor in 0.00 ms.
Unloading 3586 Unused Serialized files (Serialized files now loaded: 0)
Unloading 25 unused Assets / (31.8 KB). Loaded Objects now: 4150.
Memory consumption went from 192.0 MB to 192.0 MB.
Total: 5.787416 ms (FindLiveObjects: 0.241667 ms CreateObjectMapping: 0.101458 ms MarkObjects: 5.358542 ms  DeleteObjects: 0.085584 ms)

Prepare: number of updated asset objects reloaded= 0
AssetImportParameters requested are different than current active one (requested -> active):
  custom:container-demuxer-ogg: 62fdf1f143b41e24485cea50d1cbac27 -> 
  custom:video-decoder-ogg-theora: a1e56fd34408186e4bbccfd4996cb3dc -> 
  custom:CustomObjectIndexerAttribute: 756ad292c208cfabdd7b50bc23989ffe -> 
  custom:container-demuxer-webm: 4f35f7cbe854078d1ac9338744f61a02 -> 
  custom:container-muxer-webm: aa71ff27fc2769a1b78a27578f13a17b -> 
  custom:video-decoder-webm-vp8: 9c59270c3fd7afecdb556c50c9e8de78 -> 
  custom:SearchIndexIgnoredProperties: e643bd26f0fe6173181afceb89e7c659 -> 
  custom:AudioImporter_EditorPlatform: 3918e3fc78b5a79bad01e8451be0beb8 -> 
  custom:framework-osx-AVFoundation: e770b220cccbd017edd2c1fefb359320 -> 
  custom:video-encoder-webm-vp8: eb34c28f22e8b96e1ab97ce403110664 -> 
  custom:audio-decoder-ogg-vorbis: bf7c407c2cedff20999df2af8eb42d56 -> 
  custom:audio-encoder-webm-vorbis: bf7c407c2cedff20999df2af8eb42d56 -> 
========================================================================
Received Prepare
Begin MonoManager ReloadAssembly
Thread 0x28bf87000 may have been prematurely finalized
- Loaded All Assemblies, in  0.394 seconds
Refreshing native plugins compatible for Editor in 1.24 ms, found 2 plugins.
Native extension for OSXStandalone target not found
Native extension for WebGL target not found
[Package Manager] Server::EnsureServerProcessIsRunning -- launch failed, reason: Unity was launched with the -noUpm command-line argument
[Package Manager] UpmClient::Send -- Unable to send message (not connected to UPM process).
[Package Manager] Cannot connect to Unity Package Manager local server
Mono: successfully reloaded assembly
- Finished resetting the current domain, in  1.111 seconds
Domain Reload Profiling: 1505ms
	BeginReloadAssembly (129ms)
		ExecutionOrderSort (0ms)
		DisableScriptedObjects (5ms)
		BackupInstance (0ms)
		ReleaseScriptingObjects (0ms)
		CreateAndSetChildDomain (42ms)
	RebuildCommonClasses (47ms)
	RebuildNativeTypeToScriptingClass (15ms)
	initialDomainReloadingComplete (23ms)
	LoadAllAssembliesAndSetupDomain (179ms)
		LoadAssemblies (212ms)
		RebuildTransferFunctionScriptingTraits (0ms)
		AnalyzeDomain (18ms)
			TypeCache.Refresh (9ms)
				TypeCache.ScanAssembly (0ms)
			ScanForSourceGeneratedMonoScriptInfo (0ms)
			ResolveRequiredComponents (8ms)
	FinalizeReload (1112ms)
		ReleaseScriptCaches (0ms)
		RebuildScriptCaches (0ms)
		SetupLoadedEditorAssemblies (611ms)
			LogAssemblyErrors (0ms)
			InitializePlatformSupportModulesInManaged (5ms)
			SetLoadedEditorAssemblies (5ms)
			RefreshPlugins (0ms)
			BeforeProcessingInitializeOnLoad (61ms)
			ProcessInitializeOnLoadAttributes (505ms)
			ProcessInitializeOnLoadMethodAttributes (34ms)
			AfterProcessingInitializeOnLoad (2ms)
			EditorAssembliesLoaded (0ms)
		ExecutionOrderSort2 (0ms)
		AwakeInstancesAfterBackupRestoration (8ms)
Refreshing native plugins compatible for Editor in 1.49 ms, found 2 plugins.
Preloading 0 native plugins for Editor in 0.00 ms.
Unloading 3587 Unused Serialized files (Serialized files now loaded: 0)
Unloading 24 unused Assets / (31.8 KB). Loaded Objects now: 4153.
Memory consumption went from 202.5 MB to 202.5 MB.
Total: 4.273125 ms (FindLiveObjects: 0.193291 ms CreateObjectMapping: 0.079458 ms MarkObjects: 3.902542 ms  DeleteObjects: 0.097000 ms)

Prepare: number of updated asset objects reloaded= 0
AssetImportParameters requested are different than current active one (requested -> active):
  custom:container-demuxer-ogg: 62fdf1f143b41e24485cea50d1cbac27 -> 
  custom:video-decoder-ogg-theora: a1e56fd34408186e4bbccfd4996cb3dc -> 
  custom:CustomObjectIndexerAttribute: 756ad292c208cfabdd7b50bc23989ffe -> 
  custom:container-demuxer-webm: 4f35f7cbe854078d1ac9338744f61a02 -> 
  custom:container-muxer-webm: aa71ff27fc2769a1b78a27578f13a17b -> 
  custom:video-decoder-webm-vp8: 9c59270c3fd7afecdb556c50c9e8de78 -> 
  custom:SearchIndexIgnoredProperties: e643bd26f0fe6173181afceb89e7c659 -> 
  custom:AudioImporter_EditorPlatform: 3918e3fc78b5a79bad01e8451be0beb8 -> 
  custom:framework-osx-AVFoundation: e770b220cccbd017edd2c1fefb359320 -> 
  custom:video-encoder-webm-vp8: eb34c28f22e8b96e1ab97ce403110664 -> 
  custom:audio-decoder-ogg-vorbis: bf7c407c2cedff20999df2af8eb42d56 -> 
  custom:audio-encoder-webm-vorbis: bf7c407c2cedff20999df2af8eb42d56 -> 
========================================================================
Received Import Request.
  Time since last request: 846.553275 seconds.
  path: Assets/RealisticCarControllerV3/Demo Scenes/RCC City/Reflection Probe-reflectionHDR.exr
  artifactKey: Guid(99fb1b8998a83ac40aab660bc1f8dcb2) Importer(815301076,1909f56bfc062723c751e8b465ee728b)
Start importing Assets/RealisticCarControllerV3/Demo Scenes/RCC City/Reflection Probe-reflectionHDR.exr using Guid(99fb1b8998a83ac40aab660bc1f8dcb2) Importer(815301076,1909f56bfc062723c751e8b465ee728b)  -> (artifact id: '5cdf135f397409d98b304fff5937e528') in 0.114435 seconds
Number of updated asset objects reloaded before import = 0
Number of asset objects unloaded after import = 1
========================================================================
Received Prepare
Begin MonoManager ReloadAssembly
Thread 0x28bf87000 may have been prematurely finalized
- Loaded All Assemblies, in  0.357 seconds
Refreshing native plugins compatible for Editor in 1.02 ms, found 2 plugins.
Native extension for OSXStandalone target not found
Native extension for WebGL target not found
[Package Manager] Server::EnsureServerProcessIsRunning -- launch failed, reason: Unity was launched with the -noUpm command-line argument
[Package Manager] UpmClient::Send -- Unable to send message (not connected to UPM process).
[Package Manager] Cannot connect to Unity Package Manager local server
Mono: successfully reloaded assembly
- Finished resetting the current domain, in  1.106 seconds
Domain Reload Profiling: 1463ms
	BeginReloadAssembly (122ms)
		ExecutionOrderSort (0ms)
		DisableScriptedObjects (4ms)
		BackupInstance (0ms)
		ReleaseScriptingObjects (0ms)
		CreateAndSetChildDomain (42ms)
	RebuildCommonClasses (42ms)
	RebuildNativeTypeToScriptingClass (14ms)
	initialDomainReloadingComplete (20ms)
	LoadAllAssembliesAndSetupDomain (159ms)
		LoadAssemblies (188ms)
		RebuildTransferFunctionScriptingTraits (0ms)
		AnalyzeDomain (16ms)
			TypeCache.Refresh (8ms)
				TypeCache.ScanAssembly (0ms)
			ScanForSourceGeneratedMonoScriptInfo (0ms)
			ResolveRequiredComponents (7ms)
	FinalizeReload (1106ms)
		ReleaseScriptCaches (0ms)
		RebuildScriptCaches (0ms)
		SetupLoadedEditorAssemblies (575ms)
			LogAssemblyErrors (0ms)
			InitializePlatformSupportModulesInManaged (5ms)
			SetLoadedEditorAssemblies (6ms)
			RefreshPlugins (0ms)
			BeforeProcessingInitializeOnLoad (62ms)
			ProcessInitializeOnLoadAttributes (483ms)
			ProcessInitializeOnLoadMethodAttributes (19ms)
			AfterProcessingInitializeOnLoad (1ms)
			EditorAssembliesLoaded (0ms)
		ExecutionOrderSort2 (0ms)
		AwakeInstancesAfterBackupRestoration (4ms)
Refreshing native plugins compatible for Editor in 1.66 ms, found 2 plugins.
Preloading 0 native plugins for Editor in 0.00 ms.
Unloading 3586 Unused Serialized files (Serialized files now loaded: 0)
Unloading 24 unused Assets / (31.7 KB). Loaded Objects now: 4158.
Memory consumption went from 212.9 MB to 212.9 MB.
Total: 4.996958 ms (FindLiveObjects: 0.208584 ms CreateObjectMapping: 0.088000 ms MarkObjects: 4.640459 ms  DeleteObjects: 0.059250 ms)

Prepare: number of updated asset objects reloaded= 0
AssetImportParameters requested are different than current active one (requested -> active):
  custom:container-demuxer-ogg: 62fdf1f143b41e24485cea50d1cbac27 -> 
  custom:video-decoder-ogg-theora: a1e56fd34408186e4bbccfd4996cb3dc -> 
  custom:CustomObjectIndexerAttribute: 756ad292c208cfabdd7b50bc23989ffe -> 
  custom:container-demuxer-webm: 4f35f7cbe854078d1ac9338744f61a02 -> 
  custom:container-muxer-webm: aa71ff27fc2769a1b78a27578f13a17b -> 
  custom:video-decoder-webm-vp8: 9c59270c3fd7afecdb556c50c9e8de78 -> 
  custom:SearchIndexIgnoredProperties: e643bd26f0fe6173181afceb89e7c659 -> 
  custom:AudioImporter_EditorPlatform: 3918e3fc78b5a79bad01e8451be0beb8 -> 
  custom:framework-osx-AVFoundation: e770b220cccbd017edd2c1fefb359320 -> 
  custom:video-encoder-webm-vp8: eb34c28f22e8b96e1ab97ce403110664 -> 
  custom:audio-decoder-ogg-vorbis: bf7c407c2cedff20999df2af8eb42d56 -> 
  custom:audio-encoder-webm-vorbis: bf7c407c2cedff20999df2af8eb42d56 -> 
